Vivado Simulator 2015.2
Time resolution is 1 ps
                           16-bit Carry-lookahead Adder Unit Test passed
                           16-bit Carry-lookahead Adder Unit Test passed
                           16-bit Carry-lookahead Adder Unit Test passed
                           16-bit Carry-lookahead Adder Unit Test passed
                           16-bit Carry-lookahead Adder Unit Test passed
                           16-bit Carry-lookahead Adder Unit Test passed
                           16-bit Carry-lookahead Adder Unit Test passed
                           16-bit Carry-lookahead Adder Unit Test passed
                           16-bit Carry-lookahead Adder Unit Test passed
                           16-bit Carry-lookahead Adder Unit Test passed
                           16-bit Carry-lookahead Adder Unit Test passed
                           16-bit Carry-lookahead Adder Unit Test passed
                           16-bit Carry-lookahead Adder Unit Test passed
                           16-bit Carry-lookahead Adder Unit Test passed
                           16-bit Carry-lookahead Adder Unit Test passed
                           16-bit Carry-lookahead Adder Unit Test passed
                           16-bit Carry-lookahead Adder Unit Test failed: 0bXf2 should be 0bbf2
                           16-bit Carry-lookahead Adder Unit Test passed
                           16-bit Carry-lookahead Adder Unit Test passed
                           16-bit Carry-lookahead Adder Unit Test failed: 10X02 should be 10602
                           16-bit Carry-lookahead Adder Unit Test passed
                           16-bit Carry-lookahead Adder Unit Test failed: 0efe7 should be 0dfe7
                           16-bit Carry-lookahead Adder Unit Test failed: xx0f7 should be 0fff7
                           16-bit Carry-lookahead Adder Unit Test passed
                           16-bit Carry-lookahead Adder Unit Test passed
                           16-bit Carry-lookahead Adder Unit Test failed: 102Xf should be 102af
                           16-bit Carry-lookahead Adder Unit Test passed
                           16-bit Carry-lookahead Adder Unit Test passed
                           16-bit Carry-lookahead Adder Unit Test passed
                           16-bit Carry-lookahead Adder Unit Test passed
                           16-bit Carry-lookahead Adder Unit Test passed
                           16-bit Carry-lookahead Adder Unit Test passed
                           16-bit Carry-lookahead Adder Unit Test passed
                           16-bit Carry-lookahead Adder Unit Test passed
                           16-bit Carry-lookahead Adder Unit Test passed
                           16-bit Carry-lookahead Adder Unit Test passed
                           16-bit Carry-lookahead Adder Unit Test passed
                           16-bit Carry-lookahead Adder Unit Test passed
                           16-bit Carry-lookahead Adder Unit Test passed
                           16-bit Carry-lookahead Adder Unit Test passed
                           16-bit Carry-lookahead Adder Unit Test passed
                           16-bit Carry-lookahead Adder Unit Test passed
                           16-bit Carry-lookahead Adder Unit Test passed
                           16-bit Carry-lookahead Adder Unit Test passed
                           16-bit Carry-lookahead Adder Unit Test passed
                           16-bit Carry-lookahead Adder Unit Test passed
                           16-bit Carry-lookahead Adder Unit Test failed: xf019 should be 0f019
                           16-bit Carry-lookahead Adder Unit Test passed
                           16-bit Carry-lookahead Adder Unit Test passed
                           16-bit Carry-lookahead Adder Unit Test passed
                           16-bit Carry-lookahead Adder Unit Test passed
                           16-bit Carry-lookahead Adder Unit Test passed
                           16-bit Carry-lookahead Adder Unit Test passed
                           16-bit Carry-lookahead Adder Unit Test passed
                           16-bit Carry-lookahead Adder Unit Test passed
                           16-bit Carry-lookahead Adder Unit Test passed
                           16-bit Carry-lookahead Adder Unit Test passed
                           16-bit Carry-lookahead Adder Unit Test passed
                           16-bit Carry-lookahead Adder Unit Test passed
                           16-bit Carry-lookahead Adder Unit Test passed
                           16-bit Carry-lookahead Adder Unit Test passed
                           16-bit Carry-lookahead Adder Unit Test passed
