
*** Running vivado
    with args -log top_level.vds -m64 -mode batch -messageDb vivado.pb -notrace -source top_level.tcl


****** Vivado v2015.2 (64-bit)
  **** SW Build 1266856 on Fri Jun 26 16:35:25 MDT 2015
  **** IP Build 1264090 on Wed Jun 24 14:22:01 MDT 2015
    ** Copyright 1986-2015 Xilinx, Inc. All Rights Reserved.

source top_level.tcl -notrace
Command: synth_design -top top_level -part xc7z010clg400-1
Starting synth_design
Attempting to get a license for feature 'Synthesis' and/or device 'xc7z010'
INFO: [Common 17-349] Got license for feature 'Synthesis' and/or device 'xc7z010'
INFO: [Common 17-1223] The version limit for your license is '2017.12' and will expire in -305 days. A version limit expiration means that, although you may be able to continue to use the current version of tools or IP with this license, you will not be eligible for any updates or new releases.
---------------------------------------------------------------------------------
Starting RTL Elaboration : Time (s): cpu = 00:00:05 ; elapsed = 00:00:09 . Memory (MB): peak = 1092.012 ; gain = 162.520 ; free physical = 8899 ; free virtual = 20891
---------------------------------------------------------------------------------
INFO: [Synth 8-638] synthesizing module 'top_level' [/home/ugrads/d/dweerasinghe/ecen248/Lab9/top_level.v:4]
INFO: [Synth 8-638] synthesizing module 'up_counter' [/home/ugrads/d/dweerasinghe/ecen248/Lab9/up_counter.v:5]
INFO: [Synth 8-638] synthesizing module 'Threebit_counter' [/home/ugrads/d/dweerasinghe/ecen248/Lab9/up_counter.v:24]
INFO: [Synth 8-638] synthesizing module 'half_adder' [/home/ugrads/d/dweerasinghe/ecen248/Lab9/half_adder.v:4]
INFO: [Synth 8-256] done synthesizing module 'half_adder' (1#1) [/home/ugrads/d/dweerasinghe/ecen248/Lab9/half_adder.v:4]
INFO: [Synth 8-256] done synthesizing module 'Threebit_counter' (2#1) [/home/ugrads/d/dweerasinghe/ecen248/Lab9/up_counter.v:24]
INFO: [Synth 8-256] done synthesizing module 'up_counter' (3#1) [/home/ugrads/d/dweerasinghe/ecen248/Lab9/up_counter.v:5]
INFO: [Synth 8-638] synthesizing module 'clock_divider' [/home/ugrads/d/dweerasinghe/ecen248/Lab9/clock_divider.v:5]
	Parameter n bound to: 25 - type: integer 
INFO: [Synth 8-256] done synthesizing module 'clock_divider' (4#1) [/home/ugrads/d/dweerasinghe/ecen248/Lab9/clock_divider.v:5]
INFO: [Synth 8-256] done synthesizing module 'top_level' (5#1) [/home/ugrads/d/dweerasinghe/ecen248/Lab9/top_level.v:4]
---------------------------------------------------------------------------------
Finished RTL Elaboration : Time (s): cpu = 00:00:06 ; elapsed = 00:00:10 . Memory (MB): peak = 1128.309 ; gain = 198.816 ; free physical = 8861 ; free virtual = 20854
---------------------------------------------------------------------------------

Report Check Netlist: 
+------+------------------+-------+---------+-------+------------------+
|      |Item              |Errors |Warnings |Status |Description       |
+------+------------------+-------+---------+-------+------------------+
|1     |multi_driven_nets |      0|        0|Passed |Multi driven nets |
+------+------------------+-------+---------+-------+------------------+
---------------------------------------------------------------------------------
Finished RTL Optimization Phase 1 : Time (s): cpu = 00:00:06 ; elapsed = 00:00:10 . Memory (MB): peak = 1128.309 ; gain = 198.816 ; free physical = 8861 ; free virtual = 20854
---------------------------------------------------------------------------------
INFO: [Device 21-403] Loading part xc7z010clg400-1
INFO: [Project 1-570] Preparing netlist for logic optimization

Processing XDC Constraints
Initializing timing engine
Parsing XDC File [/home/ugrads/d/dweerasinghe/ecen248/Lab9/top_level.xdc]
Finished Parsing XDC File [/home/ugrads/d/dweerasinghe/ecen248/Lab9/top_level.xdc]
Completed Processing XDC Constraints

INFO: [Project 1-111] Unisim Transformation Summary:
No Unisim elements were transformed.

Constraint Validation Runtime : Time (s): cpu = 00:00:00 ; elapsed = 00:00:00.01 . Memory (MB): peak = 1448.645 ; gain = 0.000 ; free physical = 8687 ; free virtual = 20680
---------------------------------------------------------------------------------
Finished Constraint Validation : Time (s): cpu = 00:00:12 ; elapsed = 00:00:17 . Memory (MB): peak = 1448.645 ; gain = 519.152 ; free physical = 8687 ; free virtual = 20680
---------------------------------------------------------------------------------
---------------------------------------------------------------------------------
Start Loading Part and Timing Information
---------------------------------------------------------------------------------
Loading part: xc7z010clg400-1
---------------------------------------------------------------------------------
Finished Loading Part and Timing Information : Time (s): cpu = 00:00:12 ; elapsed = 00:00:17 . Memory (MB): peak = 1448.645 ; gain = 519.152 ; free physical = 8687 ; free virtual = 20680
---------------------------------------------------------------------------------
---------------------------------------------------------------------------------
Start Applying 'set_property' XDC Constraints
---------------------------------------------------------------------------------
---------------------------------------------------------------------------------
Finished applying 'set_property' XDC Constraints : Time (s): cpu = 00:00:12 ; elapsed = 00:00:17 . Memory (MB): peak = 1448.645 ; gain = 519.152 ; free physical = 8687 ; free virtual = 20680
---------------------------------------------------------------------------------
---------------------------------------------------------------------------------
Finished RTL Optimization Phase 2 : Time (s): cpu = 00:00:12 ; elapsed = 00:00:17 . Memory (MB): peak = 1448.645 ; gain = 519.152 ; free physical = 8685 ; free virtual = 20678
---------------------------------------------------------------------------------

Report RTL Partitions: 
+-+--------------+------------+----------+
| |RTL Partition |Replication |Instances |
+-+--------------+------------+----------+
+-+--------------+------------+----------+
---------------------------------------------------------------------------------
Start RTL Component Statistics 
---------------------------------------------------------------------------------
Detailed RTL Component Info : 
+---XORs : 
	   2 Input      1 Bit         XORs := 3     
+---Registers : 
	                3 Bit    Registers := 1     
+---Muxes : 
	   4 Input      1 Bit        Muxes := 1     
---------------------------------------------------------------------------------
Finished RTL Component Statistics 
---------------------------------------------------------------------------------
---------------------------------------------------------------------------------
Start RTL Hierarchical Component Statistics 
---------------------------------------------------------------------------------
Hierarchical RTL Component report 
Module top_level 
Detailed RTL Component Info : 
+---Muxes : 
	   4 Input      1 Bit        Muxes := 1     
Module half_adder 
Detailed RTL Component Info : 
+---XORs : 
	   2 Input      1 Bit         XORs := 1     
Module up_counter 
Detailed RTL Component Info : 
+---Registers : 
	                3 Bit    Registers := 1     
---------------------------------------------------------------------------------
Finished RTL Hierarchical Component Statistics
---------------------------------------------------------------------------------
---------------------------------------------------------------------------------
Start Part Resource Summary
---------------------------------------------------------------------------------
Part Resources:
DSPs: 80 (col length:40)
BRAMs: 120 (col length: RAMB18 40 RAMB36 20)
---------------------------------------------------------------------------------
Finished Part Resource Summary
---------------------------------------------------------------------------------
Start Parallel Synthesis Optimization  : Time (s): cpu = 00:00:12 ; elapsed = 00:00:17 . Memory (MB): peak = 1448.645 ; gain = 519.152 ; free physical = 8685 ; free virtual = 20678
---------------------------------------------------------------------------------
Start Cross Boundary Optimization
---------------------------------------------------------------------------------
---------------------------------------------------------------------------------
Finished Cross Boundary Optimization : Time (s): cpu = 00:00:12 ; elapsed = 00:00:17 . Memory (MB): peak = 1448.645 ; gain = 519.152 ; free physical = 8677 ; free virtual = 20671
---------------------------------------------------------------------------------
Finished Parallel Reinference  : Time (s): cpu = 00:00:12 ; elapsed = 00:00:17 . Memory (MB): peak = 1448.645 ; gain = 519.152 ; free physical = 8677 ; free virtual = 20671

Report RTL Partitions: 
+-+--------------+------------+----------+
| |RTL Partition |Replication |Instances |
+-+--------------+------------+----------+
+-+--------------+------------+----------+
---------------------------------------------------------------------------------
Start Area Optimization
---------------------------------------------------------------------------------
---------------------------------------------------------------------------------
Finished Area Optimization : Time (s): cpu = 00:00:12 ; elapsed = 00:00:17 . Memory (MB): peak = 1448.645 ; gain = 519.152 ; free physical = 8668 ; free virtual = 20661
---------------------------------------------------------------------------------
Finished Parallel Area Optimization  : Time (s): cpu = 00:00:12 ; elapsed = 00:00:17 . Memory (MB): peak = 1448.645 ; gain = 519.152 ; free physical = 8668 ; free virtual = 20661

Report RTL Partitions: 
+-+--------------+------------+----------+
| |RTL Partition |Replication |Instances |
+-+--------------+------------+----------+
+-+--------------+------------+----------+
Finished Parallel Synthesis Optimization  : Time (s): cpu = 00:00:12 ; elapsed = 00:00:17 . Memory (MB): peak = 1448.645 ; gain = 519.152 ; free physical = 8668 ; free virtual = 20661
---------------------------------------------------------------------------------
Start Timing Optimization
---------------------------------------------------------------------------------
---------------------------------------------------------------------------------
Start Applying XDC Timing Constraints
---------------------------------------------------------------------------------
---------------------------------------------------------------------------------
Finished Applying XDC Timing Constraints : Time (s): cpu = 00:00:19 ; elapsed = 00:00:25 . Memory (MB): peak = 1448.645 ; gain = 519.152 ; free physical = 8618 ; free virtual = 20611
---------------------------------------------------------------------------------
---------------------------------------------------------------------------------
Finished Timing Optimization : Time (s): cpu = 00:00:19 ; elapsed = 00:00:25 . Memory (MB): peak = 1448.645 ; gain = 519.152 ; free physical = 8618 ; free virtual = 20611
---------------------------------------------------------------------------------

Report RTL Partitions: 
+-+--------------+------------+----------+
| |RTL Partition |Replication |Instances |
+-+--------------+------------+----------+
+-+--------------+------------+----------+
---------------------------------------------------------------------------------
Start Technology Mapping
---------------------------------------------------------------------------------
---------------------------------------------------------------------------------
Finished Technology Mapping : Time (s): cpu = 00:00:20 ; elapsed = 00:00:25 . Memory (MB): peak = 1448.645 ; gain = 519.152 ; free physical = 8601 ; free virtual = 20594
---------------------------------------------------------------------------------

Report RTL Partitions: 
+-+--------------+------------+----------+
| |RTL Partition |Replication |Instances |
+-+--------------+------------+----------+
+-+--------------+------------+----------+
---------------------------------------------------------------------------------
Start IO Insertion
---------------------------------------------------------------------------------
---------------------------------------------------------------------------------
Start Final Netlist Cleanup
---------------------------------------------------------------------------------
---------------------------------------------------------------------------------
Finished Final Netlist Cleanup
---------------------------------------------------------------------------------
---------------------------------------------------------------------------------
Finished IO Insertion : Time (s): cpu = 00:00:20 ; elapsed = 00:00:25 . Memory (MB): peak = 1448.645 ; gain = 519.152 ; free physical = 8600 ; free virtual = 20594
---------------------------------------------------------------------------------

Report Check Netlist: 
+------+------------------+-------+---------+-------+------------------+
|      |Item              |Errors |Warnings |Status |Description       |
+------+------------------+-------+---------+-------+------------------+
|1     |multi_driven_nets |      0|        0|Passed |Multi driven nets |
+------+------------------+-------+---------+-------+------------------+
---------------------------------------------------------------------------------
Start Renaming Generated Instances
---------------------------------------------------------------------------------
---------------------------------------------------------------------------------
Finished Renaming Generated Instances : Time (s): cpu = 00:00:20 ; elapsed = 00:00:25 . Memory (MB): peak = 1448.645 ; gain = 519.152 ; free physical = 8600 ; free virtual = 20594
---------------------------------------------------------------------------------

Report RTL Partitions: 
+-+--------------+------------+----------+
| |RTL Partition |Replication |Instances |
+-+--------------+------------+----------+
+-+--------------+------------+----------+
---------------------------------------------------------------------------------
Start Rebuilding User Hierarchy
---------------------------------------------------------------------------------
---------------------------------------------------------------------------------
Finished Rebuilding User Hierarchy : Time (s): cpu = 00:00:20 ; elapsed = 00:00:25 . Memory (MB): peak = 1448.645 ; gain = 519.152 ; free physical = 8600 ; free virtual = 20594
---------------------------------------------------------------------------------
---------------------------------------------------------------------------------
Start Renaming Generated Ports : Time (s): cpu = 00:00:20 ; elapsed = 00:00:25 . Memory (MB): peak = 1448.645 ; gain = 519.152 ; free physical = 8600 ; free virtual = 20594
---------------------------------------------------------------------------------
---------------------------------------------------------------------------------
Finished Renaming Generated Ports : Time (s): cpu = 00:00:20 ; elapsed = 00:00:25 . Memory (MB): peak = 1448.645 ; gain = 519.152 ; free physical = 8600 ; free virtual = 20594
---------------------------------------------------------------------------------
---------------------------------------------------------------------------------
Start Writing Synthesis Report
---------------------------------------------------------------------------------

Report BlackBoxes: 
+-+--------------+----------+
| |BlackBox name |Instances |
+-+--------------+----------+
+-+--------------+----------+

Report Cell Usage: 
+------+-------+------+
|      |Cell   |Count |
+------+-------+------+
|1     |BUFG   |     1|
|2     |CARRY4 |     7|
|3     |LUT1   |    26|
|4     |LUT2   |     1|
|5     |LUT3   |     1|
|6     |LUT4   |     2|
|7     |LUT6   |     1|
|8     |FDCE   |     3|
|9     |FDRE   |    26|
|10    |IBUF   |     5|
|11    |OBUF   |     4|
+------+-------+------+

Report Instance Areas: 
+------+-----------+--------------+------+
|      |Instance   |Module        |Cells |
+------+-----------+--------------+------+
|1     |top        |              |    77|
|2     |  clk_div0 |clock_divider |    60|
|3     |  up1      |up_counter    |     7|
+------+-----------+--------------+------+
---------------------------------------------------------------------------------
Finished Writing Synthesis Report : Time (s): cpu = 00:00:20 ; elapsed = 00:00:25 . Memory (MB): peak = 1448.645 ; gain = 519.152 ; free physical = 8599 ; free virtual = 20592
---------------------------------------------------------------------------------
Synthesis finished with 0 errors, 0 critical warnings and 0 warnings.
Synthesis Optimization Runtime : Time (s): cpu = 00:00:13 ; elapsed = 00:00:14 . Memory (MB): peak = 1448.645 ; gain = 82.297 ; free physical = 8599 ; free virtual = 20592
Synthesis Optimization Complete : Time (s): cpu = 00:00:20 ; elapsed = 00:00:25 . Memory (MB): peak = 1448.645 ; gain = 519.152 ; free physical = 8599 ; free virtual = 20592
INFO: [Project 1-571] Translating synthesized netlist
INFO: [Netlist 29-17] Analyzing 12 Unisim elements for replacement
INFO: [Netlist 29-28] Unisim Transformation completed in 0 CPU seconds
INFO: [Project 1-570] Preparing netlist for logic optimization
INFO: [Opt 31-138] Pushed 0 inverter(s) to 0 load pin(s).
INFO: [Project 1-111] Unisim Transformation Summary:
No Unisim elements were transformed.

INFO: [Common 17-83] Releasing license: Synthesis
22 Infos, 0 Warnings, 0 Critical Warnings and 0 Errors encountered.
synth_design completed successfully
synth_design: Time (s): cpu = 00:00:18 ; elapsed = 00:00:20 . Memory (MB): peak = 1449.652 ; gain = 411.637 ; free physical = 8599 ; free virtual = 20592
report_utilization: Time (s): cpu = 00:00:00.02 ; elapsed = 00:00:00.10 . Memory (MB): peak = 1481.676 ; gain = 0.000 ; free physical = 8598 ; free virtual = 20591
INFO: [Common 17-206] Exiting Vivado at Thu Nov  1 19:26:08 2018...
